<?xml version="1.0" encoding="UTF-8"?>
<!-- Generated by org.testng.reporters.JUnitReportReporter -->
<testsuite hostname="VIVEK" failures="0" tests="2" name="tests.TestCases2Test" time="0.015" errors="0" timestamp="2022-11-27T08:37:27 IST" skipped="1">
  <testcase classname="tests.TestCases2Test" name="testCase02" time="0.000">
    <skipped/>
  </testcase> <!-- testCase02 -->
  <system-out/>
  <testcase classname="tests.TestCases2Test" name="simpletest" time="0.015"/>
  <system-out/>
</testsuite> <!-- tests.TestCases2Test -->
