<?xml version="1.0" encoding="UTF-8"?>
<!-- Generated by org.testng.reporters.JUnitReportReporter -->
<testsuite hostname="VIVEK" failures="0" tests="3" name="tests.TestCases" time="0.004" errors="0" timestamp="2022-11-20T18:41:03 IST" skipped="1">
  <testcase classname="tests.TestCases" name="testcse01" time="0.000">
    <skipped/>
  </testcase> <!-- testcse01 -->
  <system-out/>
  <testcase classname="tests.TestCases" name="testcase02" time="0.002"/>
  <system-out/>
  <testcase classname="tests.TestCases" name="testcase03" time="0.002"/>
  <system-out/>
</testsuite> <!-- tests.TestCases -->
