<?xml version="1.0" encoding="UTF-8"?>
<!-- Generated by org.testng.reporters.JUnitReportReporter -->
<testsuite hostname="VIVEK" failures="0" tests="1" name="tests.TestCases" time="0.000" errors="0" timestamp="2022-11-21T08:51:01 IST" skipped="1">
  <testcase classname="tests.TestCases" name="testcse01" time="0.000">
    <skipped/>
  </testcase> <!-- testcse01 -->
  <system-out/>
</testsuite> <!-- tests.TestCases -->
