<?xml version="1.0" encoding="UTF-8"?>
<!-- Generated by org.testng.reporters.JUnitReportReporter -->
<testsuite hostname="VIVEK" failures="0" tests="3" name="tests.TestCasesTest" time="0.005" errors="0" timestamp="2022-11-27T08:37:27 IST" skipped="1">
  <testcase classname="tests.TestCasesTest" name="testcase03" time="0.003"/>
  <system-out/>
  <testcase classname="tests.TestCasesTest" name="testcase02" time="0.002"/>
  <system-out/>
  <testcase classname="tests.TestCasesTest" name="testcse01" time="0.000">
    <skipped/>
  </testcase> <!-- testcse01 -->
  <system-out/>
</testsuite> <!-- tests.TestCasesTest -->
